Warning[205] C:\USERS\GUILL\DESKTOP\MICROCOMPUTADORAS\TEORIA\TAREA5\TAREA5.ASM 2 : Found directive in column 1. (INCLUDE)
Warning[205] C:\USERS\GUILL\DESKTOP\MICROCOMPUTADORAS\TEORIA\TAREA5\TAREA5.ASM 16 : Found directive in column 1. (__CONFIG)
Warning[205] C:\USERS\GUILL\DESKTOP\MICROCOMPUTADORAS\TEORIA\TAREA5\TAREA5.ASM 19 : Found directive in column 1. (ORG)
Warning[203] C:\USERS\GUILL\DESKTOP\MICROCOMPUTADORAS\TEORIA\TAREA5\TAREA5.ASM 22 : Found opcode in column 1. (BCF)
Warning[203] C:\USERS\GUILL\DESKTOP\MICROCOMPUTADORAS\TEORIA\TAREA5\TAREA5.ASM 23 : Found opcode in column 1. (BCF)
Warning[203] C:\USERS\GUILL\DESKTOP\MICROCOMPUTADORAS\TEORIA\TAREA5\TAREA5.ASM 24 : Found opcode in column 1. (BSF)
Warning[203] C:\USERS\GUILL\DESKTOP\MICROCOMPUTADORAS\TEORIA\TAREA5\TAREA5.ASM 26 : Found opcode in column 1. (BSF)
Message[302] C:\USERS\GUILL\DESKTOP\MICROCOMPUTADORAS\TEORIA\TAREA5\TAREA5.ASM 26 : Register in operand not in bank 0.  Ensure that bank bits are correct.
Warning[203] C:\USERS\GUILL\DESKTOP\MICROCOMPUTADORAS\TEORIA\TAREA5\TAREA5.ASM 27 : Found opcode in column 1. (MOVLW)
Warning[203] C:\USERS\GUILL\DESKTOP\MICROCOMPUTADORAS\TEORIA\TAREA5\TAREA5.ASM 28 : Found opcode in column 1. (MOVWF)
Message[302] C:\USERS\GUILL\DESKTOP\MICROCOMPUTADORAS\TEORIA\TAREA5\TAREA5.ASM 28 : Register in operand not in bank 0.  Ensure that bank bits are correct.
Warning[203] C:\USERS\GUILL\DESKTOP\MICROCOMPUTADORAS\TEORIA\TAREA5\TAREA5.ASM 29 : Found opcode in column 1. (CLRF)
Message[302] C:\USERS\GUILL\DESKTOP\MICROCOMPUTADORAS\TEORIA\TAREA5\TAREA5.ASM 29 : Register in operand not in bank 0.  Ensure that bank bits are correct.
Warning[203] C:\USERS\GUILL\DESKTOP\MICROCOMPUTADORAS\TEORIA\TAREA5\TAREA5.ASM 30 : Found opcode in column 1. (CLRF)
Message[302] C:\USERS\GUILL\DESKTOP\MICROCOMPUTADORAS\TEORIA\TAREA5\TAREA5.ASM 30 : Register in operand not in bank 0.  Ensure that bank bits are correct.
Warning[203] C:\USERS\GUILL\DESKTOP\MICROCOMPUTADORAS\TEORIA\TAREA5\TAREA5.ASM 32 : Found opcode in column 1. (BCF)
Warning[203] C:\USERS\GUILL\DESKTOP\MICROCOMPUTADORAS\TEORIA\TAREA5\TAREA5.ASM 35 : Found opcode in column 1. (CLRF)
Warning[203] C:\USERS\GUILL\DESKTOP\MICROCOMPUTADORAS\TEORIA\TAREA5\TAREA5.ASM 36 : Found opcode in column 1. (CLRF)
Message[305] C:\USERS\GUILL\DESKTOP\MICROCOMPUTADORAS\TEORIA\TAREA5\TAREA5.ASM 119 : Using default destination of 1 (file).
Message[305] C:\USERS\GUILL\DESKTOP\MICROCOMPUTADORAS\TEORIA\TAREA5\TAREA5.ASM 121 : Using default destination of 1 (file).
Message[305] C:\USERS\GUILL\DESKTOP\MICROCOMPUTADORAS\TEORIA\TAREA5\TAREA5.ASM 123 : Using default destination of 1 (file).
Warning[205] C:\USERS\GUILL\DESKTOP\MICROCOMPUTADORAS\TEORIA\TAREA5\TAREA5.ASM 126 : Found directive in column 1. (END)
